[20:53:38,591] [INFO] GameMsgRecognizer.init --> ==== 完成消息类与消息编号的映射 ====
[20:53:38,848] [INFO] GameMsgRecognizer.init --> org.tinygame.herostory.msg.GameMsgProtocol$SelectHeroResult <==> 16
[20:53:38,859] [INFO] GameMsgRecognizer.init --> org.tinygame.herostory.msg.GameMsgProtocol$SelectHeroCmd <==> 15
[20:53:38,865] [INFO] GameMsgRecognizer.init --> org.tinygame.herostory.msg.GameMsgProtocol$UserLoginResult <==> 14
[20:53:38,873] [INFO] GameMsgRecognizer.init --> org.tinygame.herostory.msg.GameMsgProtocol$UserLoginCmd <==> 13
[20:53:38,881] [INFO] GameMsgRecognizer.init --> org.tinygame.herostory.msg.GameMsgProtocol$UserDieResult <==> 12
[20:53:38,896] [INFO] GameMsgRecognizer.init --> org.tinygame.herostory.msg.GameMsgProtocol$UserSubtractHpResult <==> 11
[20:53:38,904] [INFO] GameMsgRecognizer.init --> org.tinygame.herostory.msg.GameMsgProtocol$UserAttkResult <==> 10
[20:53:38,912] [INFO] GameMsgRecognizer.init --> org.tinygame.herostory.msg.GameMsgProtocol$UserAttkCmd <==> 9
[20:53:38,918] [INFO] GameMsgRecognizer.init --> org.tinygame.herostory.msg.GameMsgProtocol$UserStopResult <==> 8
[20:53:38,926] [INFO] GameMsgRecognizer.init --> org.tinygame.herostory.msg.GameMsgProtocol$UserStopCmd <==> 7
[20:53:38,933] [INFO] GameMsgRecognizer.init --> org.tinygame.herostory.msg.GameMsgProtocol$UserQuitResult <==> 6
[20:53:38,939] [INFO] GameMsgRecognizer.init --> org.tinygame.herostory.msg.GameMsgProtocol$UserMoveToResult <==> 5
[20:53:38,947] [INFO] GameMsgRecognizer.init --> org.tinygame.herostory.msg.GameMsgProtocol$UserMoveToCmd <==> 4
[20:53:38,986] [INFO] GameMsgRecognizer.init --> org.tinygame.herostory.msg.GameMsgProtocol$WhoElseIsHereResult <==> 3
[20:53:38,999] [INFO] GameMsgRecognizer.init --> org.tinygame.herostory.msg.GameMsgProtocol$WhoElseIsHereCmd <==> 2
[20:53:39,014] [INFO] GameMsgRecognizer.init --> org.tinygame.herostory.msg.GameMsgProtocol$UserEntryResult <==> 1
[20:53:39,021] [INFO] GameMsgRecognizer.init --> org.tinygame.herostory.msg.GameMsgProtocol$UserEntryCmd <==> 0
[20:53:39,024] [INFO] CmdHandlerFactory.init --> ==== 建立处理器与命令关联 ====
[20:53:39,292] [INFO] CmdHandlerFactory.init --> org.tinygame.herostory.msg.GameMsgProtocol$UserMoveToCmd <==> org.tinygame.herostory.cmdhandler.UserMoveToCmdHandler
[20:53:39,293] [INFO] CmdHandlerFactory.init --> org.tinygame.herostory.msg.GameMsgProtocol$UserEntryCmd <==> org.tinygame.herostory.cmdhandler.UserEntryCmdHandler
[20:53:39,293] [INFO] CmdHandlerFactory.init --> org.tinygame.herostory.msg.GameMsgProtocol$WhoElseIsHereCmd <==> org.tinygame.herostory.cmdhandler.WhoElseIsHereCmdHandler
[20:53:39,294] [INFO] CmdHandlerFactory.init --> org.tinygame.herostory.msg.GameMsgProtocol$UserAttkCmd <==> org.tinygame.herostory.cmdhandler.UserAttkCmdHandler
[20:53:39,298] [INFO] CmdHandlerFactory.init --> org.tinygame.herostory.msg.GameMsgProtocol$UserLoginCmd <==> org.tinygame.herostory.cmdhandler.UserLoginCmdHandler
[20:53:41,386] [INFO] MySqlSessionFactory.init --> Mysql 数据库连接测试成功
[20:53:47,058] [INFO] ServiceMain.main --> 游戏服务器启动成功
[21:28:22,226] [INFO] MainMsgProcessor.process --> 收到客户端消息，msgType = UserLoginCmd, msg = userName: "a"
password: "fff"

[21:28:22,235] [INFO] UserLoginCmdHandler.handle --> 当前线程 = MainMsgProcessor
[21:28:22,500] [INFO] LoginService$AsyncGetUserEntity.doAsync --> 当前线程 = AsyncOperationProcessor
[21:28:22,501] [ERROR] LoginService$AsyncGetUserEntity.doAsync --> 用户名密码错误
java.lang.RuntimeException: 用户名密码错误
	at org.tinygame.herostory.login.LoginService$AsyncGetUserEntity.doAsync(LoginService.java:89)
	at org.tinygame.herostory.async.AsyncOperationProcessor.lambda$process$1(AsyncOperationProcessor.java:53)
	at java.util.concurrent.Executors$RunnableAdapter.call(Executors.java:511)
	at java.util.concurrent.FutureTask.run(FutureTask.java:266)
	at java.util.concurrent.ThreadPoolExecutor.runWorker(ThreadPoolExecutor.java:1149)
	at java.util.concurrent.ThreadPoolExecutor$Worker.run(ThreadPoolExecutor.java:624)
	at java.lang.Thread.run(Thread.java:748)
[21:28:22,515] [INFO] UserLoginCmdHandler.lambda$handle$0 --> 当前线程 = MainMsgProcessor
[21:28:50,340] [INFO] MainMsgProcessor.process --> 收到客户端消息，msgType = UserLoginCmd, msg = userName: "hjk"
password: "sdf"

[21:28:50,343] [INFO] UserLoginCmdHandler.handle --> 当前线程 = MainMsgProcessor
[21:28:50,351] [INFO] LoginService$AsyncGetUserEntity.doAsync --> 当前线程 = AsyncOperationProcessor
[21:28:50,407] [INFO] UserLoginCmdHandler.lambda$handle$0 --> 当前线程 = MainMsgProcessor
[21:28:50,510] [INFO] MainMsgProcessor.process --> 收到客户端消息，msgType = UserEntryCmd, msg = 
[21:28:50,512] [INFO] MainMsgProcessor.process --> 收到客户端消息，msgType = WhoElseIsHereCmd, msg = 
[21:28:52,227] [INFO] MainMsgProcessor.process --> 收到客户端消息，msgType = UserMoveToCmd, msg = moveToPosX: 198.80524
moveToPosY: -33.26165

[21:28:54,139] [INFO] MainMsgProcessor.process --> 收到客户端消息，msgType = UserAttkCmd, msg = targetUserId: 4294967295

[21:29:19,024] [INFO] MainMsgProcessor.process --> 收到客户端消息，msgType = UserMoveToCmd, msg = moveFromPosX: 200.57596
moveFromPosY: -34.048
moveToPosX: -197.27602
moveToPosY: -37.84946

